<?xml version="1.0" encoding="UTF-8"?>
<!-- Generated by org.testng.reporters.JUnitXMLReporter -->
<testsuite ignored="0" hostname="DERIW42NLPC0802" failures="1" tests="4" name="Test - chrome" time="11.832" errors="0" timestamp="2021-03-25T23:00:07 IST">
  <testcase classname="testScripts.Home.TC_HomePage_Validation" name="testAutombileLink" time="0.045">
    <failure type="java.lang.AssertionError" message="Automobile link is not present on Home Page expected [true] but found [false]">
      <![CDATA[java.lang.AssertionError: Automobile link is not present on Home Page expected [true] but found [false]
at testScripts.Home.TC_HomePage_Validation.testAutombileLink(TC_HomePage_Validation.java:63)
at java.base/java.util.ArrayList.forEach(ArrayList.java:1511)
at java.base/java.util.concurrent.FutureTask.run(FutureTask.java:264)
at java.base/java.util.concurrent.ThreadPoolExecutor.runWorker(ThreadPoolExecutor.java:1130)
at java.base/java.util.concurrent.ThreadPoolExecutor$Worker.run(ThreadPoolExecutor.java:630)
at java.base/java.lang.Thread.run(Thread.java:832)
... Removed 21 stack frames]]>
    </failure>
  </testcase> <!-- testAutombileLink -->
  <testcase classname="testScripts.Home.TC_HomePage_Validation" name="testCamperLink" time="1.108"/>
  <testcase classname="testScripts.Home.TC_HomePage_Validation" name="testMotorCycleLink" time="0.692"/>
  <testcase classname="testScripts.Home.TC_HomePage_Validation" name="testTruckLink" time="0.618"/>
</testsuite> <!-- Test - chrome -->
