<?xml version="1.0" encoding="UTF-8"?>
<!-- Generated by org.testng.reporters.JUnitXMLReporter -->
<testsuite ignored="0" hostname="DERIW42NLPC0802" failures="4" tests="4" name="Test - firefox" time="26.346" errors="0" timestamp="2020-11-08T11:30:44 IST">
  <testcase classname="testScripts.Home.TC_HomePage_Validation" name="testAutombileLink" time="0.094">
    <failure type="java.lang.AssertionError" message="Enter Vehicle data page is not displayed expected [true] but found [false]">
      <![CDATA[java.lang.AssertionError: Enter Vehicle data page is not displayed expected [true] but found [false]
at testScripts.Home.TC_HomePage_Validation.testAutombileLink(TC_HomePage_Validation.java:80)
at java.base/java.util.ArrayList.forEach(ArrayList.java:1511)
at java.base/java.util.concurrent.FutureTask.run(FutureTask.java:264)
at java.base/java.util.concurrent.ThreadPoolExecutor.runWorker(ThreadPoolExecutor.java:1130)
at java.base/java.util.concurrent.ThreadPoolExecutor$Worker.run(ThreadPoolExecutor.java:630)
at java.base/java.lang.Thread.run(Thread.java:832)
... Removed 21 stack frames]]>
    </failure>
  </testcase> <!-- testAutombileLink -->
  <testcase classname="testScripts.Home.TC_HomePage_Validation" name="testCamperLink" time="0.068">
    <failure type="java.lang.AssertionError" message="Enter Vehicle data page is not displayed expected [true] but found [false]">
      <![CDATA[java.lang.AssertionError: Enter Vehicle data page is not displayed expected [true] but found [false]
at testScripts.Home.TC_HomePage_Validation.testCamperLink(TC_HomePage_Validation.java:110)
at java.base/java.util.ArrayList.forEach(ArrayList.java:1511)
at java.base/java.util.concurrent.FutureTask.run(FutureTask.java:264)
at java.base/java.util.concurrent.ThreadPoolExecutor.runWorker(ThreadPoolExecutor.java:1130)
at java.base/java.util.concurrent.ThreadPoolExecutor$Worker.run(ThreadPoolExecutor.java:630)
at java.base/java.lang.Thread.run(Thread.java:832)
... Removed 21 stack frames]]>
    </failure>
  </testcase> <!-- testCamperLink -->
  <testcase classname="testScripts.Home.TC_HomePage_Validation" name="testMotorCycleLink" time="0.095">
    <failure type="java.lang.AssertionError" message="Enter Vehicle data page is not displayed expected [true] but found [false]">
      <![CDATA[java.lang.AssertionError: Enter Vehicle data page is not displayed expected [true] but found [false]
at testScripts.Home.TC_HomePage_Validation.testMotorCycleLink(TC_HomePage_Validation.java:125)
at java.base/java.util.ArrayList.forEach(ArrayList.java:1511)
at java.base/java.util.concurrent.FutureTask.run(FutureTask.java:264)
at java.base/java.util.concurrent.ThreadPoolExecutor.runWorker(ThreadPoolExecutor.java:1130)
at java.base/java.util.concurrent.ThreadPoolExecutor$Worker.run(ThreadPoolExecutor.java:630)
at java.base/java.lang.Thread.run(Thread.java:832)
... Removed 21 stack frames]]>
    </failure>
  </testcase> <!-- testMotorCycleLink -->
  <testcase classname="testScripts.Home.TC_HomePage_Validation" name="testTruckLink" time="0.053">
    <failure type="java.lang.AssertionError" message="Enter Vehicle data page is not displayed expected [true] but found [false]">
      <![CDATA[java.lang.AssertionError: Enter Vehicle data page is not displayed expected [true] but found [false]
at testScripts.Home.TC_HomePage_Validation.testTruckLink(TC_HomePage_Validation.java:95)
at java.base/java.util.ArrayList.forEach(ArrayList.java:1511)
at java.base/java.util.concurrent.FutureTask.run(FutureTask.java:264)
at java.base/java.util.concurrent.ThreadPoolExecutor.runWorker(ThreadPoolExecutor.java:1130)
at java.base/java.util.concurrent.ThreadPoolExecutor$Worker.run(ThreadPoolExecutor.java:630)
at java.base/java.lang.Thread.run(Thread.java:832)
... Removed 21 stack frames]]>
    </failure>
  </testcase> <!-- testTruckLink -->
</testsuite> <!-- Test - firefox -->
